Determining if the pthread_create exist failed with the following output:
Change Dir: /GPUFS/nsccgz_zgchen_2/zyl/sep-graph/build/CMakeFiles/CMakeTmp

Run Build Command:"/usr/bin/gmake" "cmTC_f1775/fast"
/usr/bin/gmake -f CMakeFiles/cmTC_f1775.dir/build.make CMakeFiles/cmTC_f1775.dir/build
gmake[1]: Entering directory `/GPUFS/nsccgz_zgchen_2/zyl/sep-graph/build/CMakeFiles/CMakeTmp'
Building C object CMakeFiles/cmTC_f1775.dir/CheckSymbolExists.c.o
/app/compiler/gcc/6.5.0/bin/gcc   -fPIC    -o CMakeFiles/cmTC_f1775.dir/CheckSymbolExists.c.o   -c /GPUFS/nsccgz_zgchen_2/zyl/sep-graph/build/CMakeFiles/CMakeTmp/CheckSymbolExists.c
Linking C executable cmTC_f1775
/GPUFS/app_GPU/application/cmake/3.9.0/bin/cmake -E cmake_link_script CMakeFiles/cmTC_f1775.dir/link.txt --verbose=1
/app/compiler/gcc/6.5.0/bin/gcc -fPIC     -rdynamic CMakeFiles/cmTC_f1775.dir/CheckSymbolExists.c.o  -o cmTC_f1775 
CMakeFiles/cmTC_f1775.dir/CheckSymbolExists.c.o: In function `main':
CheckSymbolExists.c:(.text+0x1b): undefined reference to `pthread_create'
collect2: error: ld returned 1 exit status
gmake[1]: *** [cmTC_f1775] Error 1
gmake[1]: Leaving directory `/GPUFS/nsccgz_zgchen_2/zyl/sep-graph/build/CMakeFiles/CMakeTmp'
gmake: *** [cmTC_f1775/fast] Error 2

File /GPUFS/nsccgz_zgchen_2/zyl/sep-graph/build/CMakeFiles/CMakeTmp/CheckSymbolExists.c:
/* */
#include <pthread.h>

int main(int argc, char** argv)
{
  (void)argv;
#ifndef pthread_create
  return ((int*)(&pthread_create))[argc];
#else
  (void)argc;
  return 0;
#endif
}

Determining if the function pthread_create exists in the pthreads failed with the following output:
Change Dir: /GPUFS/nsccgz_zgchen_2/zyl/sep-graph/build/CMakeFiles/CMakeTmp

Run Build Command:"/usr/bin/gmake" "cmTC_5966e/fast"
/usr/bin/gmake -f CMakeFiles/cmTC_5966e.dir/build.make CMakeFiles/cmTC_5966e.dir/build
gmake[1]: Entering directory `/GPUFS/nsccgz_zgchen_2/zyl/sep-graph/build/CMakeFiles/CMakeTmp'
Building C object CMakeFiles/cmTC_5966e.dir/CheckFunctionExists.c.o
/app/compiler/gcc/6.5.0/bin/gcc   -fPIC -DCHECK_FUNCTION_EXISTS=pthread_create   -o CMakeFiles/cmTC_5966e.dir/CheckFunctionExists.c.o   -c /GPUFS/app_GPU/application/cmake/3.9.0/share/cmake-3.9/Modules/CheckFunctionExists.c
Linking C executable cmTC_5966e
/GPUFS/app_GPU/application/cmake/3.9.0/bin/cmake -E cmake_link_script CMakeFiles/cmTC_5966e.dir/link.txt --verbose=1
/app/compiler/gcc/6.5.0/bin/gcc -fPIC -DCHECK_FUNCTION_EXISTS=pthread_create    -rdynamic CMakeFiles/cmTC_5966e.dir/CheckFunctionExists.c.o  -o cmTC_5966e -lpthreads 
/usr/bin/ld: cannot find -lpthreads
collect2: error: ld returned 1 exit status
gmake[1]: *** [cmTC_5966e] Error 1
gmake[1]: Leaving directory `/GPUFS/nsccgz_zgchen_2/zyl/sep-graph/build/CMakeFiles/CMakeTmp'
gmake: *** [cmTC_5966e/fast] Error 2


Determining if the pthread_create exist failed with the following output:
Change Dir: /GPUFS/nsccgz_zgchen_2/zyl/ppopp19-artifact/sep-graph/build/CMakeFiles/CMakeTmp

Run Build Command:"/usr/bin/gmake" "cmTC_a1442/fast"
/usr/bin/gmake -f CMakeFiles/cmTC_a1442.dir/build.make CMakeFiles/cmTC_a1442.dir/build
gmake[1]: Entering directory `/GPUFS/nsccgz_zgchen_2/zyl/ppopp19-artifact/sep-graph/build/CMakeFiles/CMakeTmp'
Building C object CMakeFiles/cmTC_a1442.dir/CheckSymbolExists.c.o
/app/compiler/gcc/6.5.0/bin/gcc   -fPIC    -o CMakeFiles/cmTC_a1442.dir/CheckSymbolExists.c.o   -c /GPUFS/nsccgz_zgchen_2/zyl/ppopp19-artifact/sep-graph/build/CMakeFiles/CMakeTmp/CheckSymbolExists.c
Linking C executable cmTC_a1442
/GPUFS/app_GPU/application/cmake/3.9.0/bin/cmake -E cmake_link_script CMakeFiles/cmTC_a1442.dir/link.txt --verbose=1
/app/compiler/gcc/6.5.0/bin/gcc -fPIC     -rdynamic CMakeFiles/cmTC_a1442.dir/CheckSymbolExists.c.o  -o cmTC_a1442 
CMakeFiles/cmTC_a1442.dir/CheckSymbolExists.c.o: In function `main':
CheckSymbolExists.c:(.text+0x1b): undefined reference to `pthread_create'
collect2: error: ld returned 1 exit status
gmake[1]: *** [cmTC_a1442] Error 1
gmake[1]: Leaving directory `/GPUFS/nsccgz_zgchen_2/zyl/ppopp19-artifact/sep-graph/build/CMakeFiles/CMakeTmp'
gmake: *** [cmTC_a1442/fast] Error 2

File /GPUFS/nsccgz_zgchen_2/zyl/ppopp19-artifact/sep-graph/build/CMakeFiles/CMakeTmp/CheckSymbolExists.c:
/* */
#include <pthread.h>

int main(int argc, char** argv)
{
  (void)argv;
#ifndef pthread_create
  return ((int*)(&pthread_create))[argc];
#else
  (void)argc;
  return 0;
#endif
}

Determining if the function pthread_create exists in the pthreads failed with the following output:
Change Dir: /GPUFS/nsccgz_zgchen_2/zyl/ppopp19-artifact/sep-graph/build/CMakeFiles/CMakeTmp

Run Build Command:"/usr/bin/gmake" "cmTC_c461b/fast"
/usr/bin/gmake -f CMakeFiles/cmTC_c461b.dir/build.make CMakeFiles/cmTC_c461b.dir/build
gmake[1]: Entering directory `/GPUFS/nsccgz_zgchen_2/zyl/ppopp19-artifact/sep-graph/build/CMakeFiles/CMakeTmp'
Building C object CMakeFiles/cmTC_c461b.dir/CheckFunctionExists.c.o
/app/compiler/gcc/6.5.0/bin/gcc   -fPIC -DCHECK_FUNCTION_EXISTS=pthread_create   -o CMakeFiles/cmTC_c461b.dir/CheckFunctionExists.c.o   -c /GPUFS/app_GPU/application/cmake/3.9.0/share/cmake-3.9/Modules/CheckFunctionExists.c
Linking C executable cmTC_c461b
/GPUFS/app_GPU/application/cmake/3.9.0/bin/cmake -E cmake_link_script CMakeFiles/cmTC_c461b.dir/link.txt --verbose=1
/app/compiler/gcc/6.5.0/bin/gcc -fPIC -DCHECK_FUNCTION_EXISTS=pthread_create    -rdynamic CMakeFiles/cmTC_c461b.dir/CheckFunctionExists.c.o  -o cmTC_c461b -lpthreads 
/usr/bin/ld: cannot find -lpthreads
collect2: error: ld returned 1 exit status
gmake[1]: *** [cmTC_c461b] Error 1
gmake[1]: Leaving directory `/GPUFS/nsccgz_zgchen_2/zyl/ppopp19-artifact/sep-graph/build/CMakeFiles/CMakeTmp'
gmake: *** [cmTC_c461b/fast] Error 2


